<?xml version="1.0" encoding="UTF-8"?>
<!-- Generated by org.testng.reporters.JUnitReportReporter -->
<testsuite hostname="LAPTOP-C2Q8BJ3N" failures="0" tests="2" name="com.tutorialsNinja.qa.testCases.Demo" time="3.060" errors="0" timestamp="2024-10-07T12:57:50 IST" skipped="0">
  <testcase classname="com.tutorialsNinja.qa.testCases.Demo" name="login" time="1.876"/>
  <system-out/>
  <testcase classname="com.tutorialsNinja.qa.testCases.Demo" name="logout" time="1.184"/>
  <system-out/>
</testsuite> <!-- com.tutorialsNinja.qa.testCases.Demo -->
