<?xml version="1.0" encoding="UTF-8"?>
<!-- Generated by org.testng.reporters.JUnitReportReporter -->
<testsuite hostname="LAPTOP-C2Q8BJ3N" failures="0" tests="11" name="com.tutorialsNinja.qa.testCases.LoginTest" time="169.817" errors="0" timestamp="2024-10-15T17:32:58 IST" skipped="0">
  <testcase classname="com.tutorialsNinja.qa.testCases.LoginTest" name="verifyLoginIntoTheApplicationUsingValidCredentials" time="15.267"/>
  <system-out/>
  <testcase classname="com.tutorialsNinja.qa.testCases.LoginTest" name="verifyLoginIntoTheApplicationUsingValidCredentials" time="14.565"/>
  <system-out/>
  <testcase classname="com.tutorialsNinja.qa.testCases.LoginTest" name="verifyLoginIntoTheApplicationUsingValidCredentials" time="18.997"/>
  <system-out/>
  <testcase classname="com.tutorialsNinja.qa.testCases.LoginTest" name="verifyLoginIntoTheApplicationUsingValidCredentials" time="15.564"/>
  <system-out/>
  <testcase classname="com.tutorialsNinja.qa.testCases.LoginTest" name="verifyloggingIntoTheApplicationUsingInvalidCredentials" time="13.795"/>
  <system-out/>
  <testcase classname="com.tutorialsNinja.qa.testCases.LoginTest" name="verifyloggingIntoTheApplicationUsingInvalidEmailAndValidPassword" time="22.693"/>
  <system-out/>
  <testcase classname="com.tutorialsNinja.qa.testCases.LoginTest" name="verifyloggingIntoTheApplicationUsingValidEmailAndInvalidPassword" time="13.723"/>
  <system-out/>
  <testcase classname="com.tutorialsNinja.qa.testCases.LoginTest" name="verifyloggingIntoTheApplicationWithoutProvidingAnyCredentials" time="10.914"/>
  <system-out/>
  <testcase classname="com.tutorialsNinja.qa.testCases.LoginTest" name="verifyForgottenPasswordLinkIsAvailableInTheLoginPageAndIsWorking" time="13.485"/>
  <system-out/>
  <testcase classname="com.tutorialsNinja.qa.testCases.LoginTest" name="verifyLoginIntoTheApplicationUsingKeyboardKeys" time="14.457"/>
  <system-out/>
  <testcase classname="com.tutorialsNinja.qa.testCases.LoginTest" name="verifyEmailAddressAndPasswordTextFieldInTheLoginPageHaveThePlaceholderText" time="16.357"/>
  <system-out/>
</testsuite> <!-- com.tutorialsNinja.qa.testCases.LoginTest -->
