<?xml version="1.0" encoding="UTF-8"?>
<!-- Generated by org.testng.reporters.JUnitReportReporter -->
<testsuite hostname="LAPTOP-C2Q8BJ3N" failures="0" tests="1" name="com.tutorialsNinja.qa.testCases.LoginTest" time="16.567" errors="0" timestamp="2024-10-15T11:32:39 IST" skipped="0">
  <testcase classname="com.tutorialsNinja.qa.testCases.LoginTest" name="verifyEmailAddressAndPasswordTextFieldInTheLoginPageHaveThePlaceholderText" time="16.567"/>
  <system-out/>
</testsuite> <!-- com.tutorialsNinja.qa.testCases.LoginTest -->
