<?xml version="1.0" encoding="UTF-8"?>
<!-- Generated by org.testng.reporters.JUnitReportReporter -->
<testsuite hostname="LAPTOP-C2Q8BJ3N" failures="0" tests="9" name="com.tutorialsNinja.qa.testCases.RegisterTest" time="12.391" errors="0" timestamp="2024-10-15T11:33:08 IST" skipped="8">
  <testcase classname="com.tutorialsNinja.qa.testCases.RegisterTest" name="verifyAllFieldsIntheRegisterAccountPageHaveProperPlaceholders" time="12.391"/>
  <system-out/>
  <testcase classname="com.tutorialsNinja.qa.testCases.RegisterTest" name="verifyRegisteringAnAccountWhenNoOptionIsSelectedForNewsletterField">
    <skipped/>
  </testcase> <!-- verifyRegisteringAnAccountWhenNoOptionIsSelectedForNewsletterField -->
  <system-out/>
  <testcase classname="com.tutorialsNinja.qa.testCases.RegisterTest" name="verifyRegisteringAnAccountByProvidingOnlyMandatoryFields">
    <skipped/>
  </testcase> <!-- verifyRegisteringAnAccountByProvidingOnlyMandatoryFields -->
  <system-out/>
  <testcase classname="com.tutorialsNinja.qa.testCases.RegisterTest" name="verifyRegisteringAnAccountWithoutProvidingAnyDetails">
    <skipped/>
  </testcase> <!-- verifyRegisteringAnAccountWithoutProvidingAnyDetails -->
  <system-out/>
  <testcase classname="com.tutorialsNinja.qa.testCases.RegisterTest" name="verifyDifferentWaysOfNavigatingToRegisterAccountPage">
    <skipped/>
  </testcase> <!-- verifyDifferentWaysOfNavigatingToRegisterAccountPage -->
  <system-out/>
  <testcase classname="com.tutorialsNinja.qa.testCases.RegisterTest" name="verifyRegisteringAnAccountByProvidingAllFields">
    <skipped/>
  </testcase> <!-- verifyRegisteringAnAccountByProvidingAllFields -->
  <system-out/>
  <testcase classname="com.tutorialsNinja.qa.testCases.RegisterTest" name="verifyRegisteringAnAccountByProvidingExistingAccountDetails">
    <skipped/>
  </testcase> <!-- verifyRegisteringAnAccountByProvidingExistingAccountDetails -->
  <system-out/>
  <testcase classname="com.tutorialsNinja.qa.testCases.RegisterTest" name="verifyRegisteringAnAccountWhenYesOptionIsSelectedForNewsletterField">
    <skipped/>
  </testcase> <!-- verifyRegisteringAnAccountWhenYesOptionIsSelectedForNewsletterField -->
  <system-out/>
  <testcase classname="com.tutorialsNinja.qa.testCases.RegisterTest" name="verifyRegisteringAnAccountByEnteringDifferentPasswordsIntoPasswordAndPasswordConfirmField">
    <skipped/>
  </testcase> <!-- verifyRegisteringAnAccountByEnteringDifferentPasswordsIntoPasswordAndPasswordConfirmField -->
  <system-out/>
</testsuite> <!-- com.tutorialsNinja.qa.testCases.RegisterTest -->
